<?xml version="1.0" encoding="UTF-8"?>
<!-- Generated by org.testng.reporters.JUnitReportReporter -->
<testsuite skipped="0" hostname="AABLR0394" name="com.capstone.userCreationTests.DemoTestToShow" tests="1" failures="0" timestamp="24 Aug 2020 09:11:58 GMT" time="28.555" errors="0">
  <testcase name="createUser" time="28.555" classname="com.capstone.userCreationTests.DemoTestToShow"/>
</testsuite> <!-- com.capstone.userCreationTests.DemoTestToShow -->
